(base) mac@jims57 cpp_project % plutil -lint WQVad.xcframework/ios-arm64/WQVad.framework/Info.plist
cat WQVad.xcframework/ios-arm64/WQVad.framework/Info.plist
WQVad.xcframework/ios-arm64/WQVad.framework/Info.plist: OK
<?xml version="1.0" encoding="UTF-8"?>
<!DOCTYPE plist PUBLIC "-//Apple//DTD PLIST 1.0//EN" "http://www.apple.com/DTDs/PropertyList-1.0.dtd">
<plist version="1.0">
<dict>
        <key>CFBundleIdentifier</key>
        <string>com.wq.WQVad</string>
        <key>CFBundleName</key>
        <string>WQVad</string>
        <key>CFBundleDisplayName</key>
        <string>WQVad</string>
        <key>CFBundleVersion</key>
        <string>1.0.0</string>
        <key>CFBundleShortVersionString</key>
        <string>1.0.0</string>
        <key>CFBundlePackageType</key>
        <string>FMWK</string>
        <key>CFBundleInfoDictionaryVersion</key>
        <string>6.0</string>
        <key>CFBundleSupportedPlatforms</key>
        <array>
                <string>iPhoneOS</string>
        </array>
        <key>CFBundleExecutable</key>
        <string>WQVad</string>
        <key>MinimumOSVersion</key>
        <string>12.0</string>
        <key>DTPlatformName</key>
        <string>iphoneos</string>
        <key>DTSDKName</key>
        <string>iphoneos</string>
</dict>
</plist>